2025-12-18 17:33:18,958 - INFO - Logging initialized successfully.
2025-12-18 17:33:41,761 - INFO - Logging initialized successfully.
2025-12-18 17:39:39,057 - INFO - Ingesting begin_inventory.csv in db
2025-12-18 17:39:43,417 - INFO - Ingesting end_inventory.csv in db
2025-12-18 17:39:57,844 - INFO - Ingesting purchases.csv in db
2025-12-18 17:41:16,033 - INFO - Ingesting purchase_prices.csv in db
2025-12-18 17:41:58,766 - INFO - Ingesting sales.csv in db
2025-12-18 17:47:42,322 - INFO - Ingesting begin_inventory.csv in db
2025-12-18 17:47:48,600 - INFO - Ingesting end_inventory.csv in db
2025-12-18 17:50:24,407 - ERROR - No such comm target registered: jupyter.widget.control
2025-12-18 17:50:24,412 - WARNING - No such comm: 3925a3a2-e6da-4435-b8cc-6e73cd14288c
2025-12-18 17:50:24,412 - DEBUG - Current comms: []
2025-12-18 17:50:45,885 - ERROR - No such comm target registered: jupyter.widget.control
2025-12-18 17:50:45,889 - WARNING - No such comm: 31d939c6-1cdf-4d37-9c40-461f5838bc1c
2025-12-18 17:50:45,889 - DEBUG - Current comms: []
2025-12-18 18:05:44,574 - INFO - Creating Vendor Summary Table.....
2025-12-18 18:05:53,526 - INFO - Creating Vendor Summary Table.....
2025-12-18 18:07:03,511 - INFO - Creating Vendor Summary Table.....
2025-12-18 18:09:14,015 - INFO - Creating Vendor Summary Table.....
2025-12-18 18:45:41,417 - INFO - Ingesting begin_inventory.csv in db
2025-12-18 18:45:45,479 - INFO - Ingesting end_inventory.csv in db
2025-12-18 18:45:55,959 - INFO - Ingesting purchases.csv in db
2025-12-18 18:47:07,123 - INFO - Ingesting purchase_prices.csv in db
2025-12-18 18:47:36,941 - INFO - Ingesting sales.csv in db
2025-12-18 20:28:10,515 - INFO - Ingesting begin_inventory.csv in db
2025-12-18 20:28:18,843 - INFO - Ingesting end_inventory.csv in db
2025-12-18 20:28:41,375 - INFO - Ingesting purchases.csv in db
2025-12-18 20:31:38,580 - INFO - Ingesting purchase_prices.csv in db
2025-12-18 20:32:31,534 - INFO - Ingesting sales.csv in db
2026-01-08 11:01:41,294 - INFO - Ingesting begin_inventory.csv in db
2026-01-08 11:01:46,113 - INFO - Ingesting end_inventory.csv in db
2026-01-08 11:01:58,086 - INFO - Ingesting purchases.csv in db
2026-01-08 11:03:19,762 - INFO - Ingesting purchase_prices.csv in db
2026-01-08 11:06:21,102 - INFO - Ingesting begin_inventory.csv in db
2026-01-08 11:06:25,218 - INFO - Ingesting end_inventory.csv in db
2026-01-08 11:06:41,089 - INFO - Ingesting purchases.csv in db
2026-01-08 11:08:51,753 - INFO - Ingesting purchase_prices.csv in db
2026-01-08 11:09:37,248 - INFO - Ingesting sales.csv in db
2026-01-08 22:35:04,480 - INFO - Ingesting begin_inventory.csv in db
2026-01-08 22:35:13,183 - INFO - Ingesting end_inventory.csv in db
2026-01-08 22:35:35,279 - INFO - Ingesting purchases.csv in db
2026-01-08 22:37:55,554 - INFO - Ingesting purchase_prices.csv in db
2026-01-08 22:38:49,638 - INFO - Ingesting sales.csv in db
2026-01-08 22:46:11,506 - INFO - Ingesting begin_inventory.csv in db
2026-01-08 22:46:19,125 - INFO - Ingesting end_inventory.csv in db
2026-01-08 22:46:37,245 - INFO - Ingesting purchases.csv in db
2026-01-08 22:50:43,984 - INFO - Ingesting purchase_prices.csv in db
2026-01-08 23:04:06,632 - INFO - Ingesting begin_inventory.csv in db
2026-01-08 23:04:17,027 - INFO - Ingesting end_inventory.csv in db
2026-01-08 23:04:43,770 - INFO - Ingesting purchases.csv in db
2026-01-08 23:15:05,838 - INFO - Ingesting begin_inventory.csv in db
2026-01-08 23:22:57,875 - INFO - Ingesting end_inventory.csv in db
2026-01-08 23:23:17,653 - INFO - Ingesting purchases.csv in db
2026-01-08 23:24:53,507 - INFO - Ingesting purchase_prices.csv in db
2026-01-08 23:25:39,946 - INFO - Ingesting sales.csv in db
